C51 COMPILER V9.54   MAIN                                                                  05/25/2017 10:59:48 PAGE 1   


C51 COMPILER V9.54, COMPILATION OF MODULE MAIN
OBJECT MODULE PLACED IN .\Objects\main.obj
COMPILER INVOKED BY: C:\Keil_v5\C51\BIN\C51.EXE main.c OPTIMIZE(8,SPEED) BROWSE DEBUG OBJECTEXTEND PRINT(.\Listings\main
                    -.lst) TABS(2) OBJECT(.\Objects\main.obj)

line level    source

   1                    //Group   #53
   2              //Ahmed Mohamed El-Halawany   2689
   3          
   4          #include <reg51.h>
   5          
   6          #define input P1
   7          sbit unlocked = P2^0;
   8          sbit locked = P2^1;
   9          short int key_lock = 0x2580;
  10          short int keys,temp,temp_old;
  11          unsigned char option;
  12          unsigned char count = 0;
  13          unsigned char change = 0;
  14          unsigned char finish_change = 0;
  15          unsigned char count_new = 0;
  16          
  17          void get_input (void) interrupt 0 {
  18   1        option = input & 0x0F;
  19   1        if(option == 0x0C){ finish_change = 1; 
  20   2        count_new = 0;} 
  21   1        else if(count == 0){ 
  22   2          temp_old = input & 0x0F; 
  23   2          count = 1; }
  24   1        else if(count == 1){
  25   2          temp = input & 0x0F;
  26   2          temp_old = (temp_old << 4);
  27   2          temp_old = temp_old + temp;
  28   2          count_new +=1;
  29   2          if(count_new == 3 && change == 1){ 
  30   3            finish_change =0; 
  31   3            unlocked = 1;
  32   3            locked = 0; 
  33   3            change = 1;}}
  34   1          keys = temp_old;
  35   1          if(change == 1){ 
  36   2            key_lock = temp_old;}
  37   1          if(option == 0x0C || option == 0x0B ){ count = 0; }
  38   1      }
  39          
  40          void main(){
  41   1        IT0 = 1;
  42   1        EX0 = 1;
  43   1        EA = 1;
  44   1        input = 0xFF;
  45   1        unlocked = 1;
  46   1        locked = 0;
  47   1        while(1){
  48   2          if(keys == key_lock){
  49   3            unlocked = 0;
  50   3            locked = 1;
  51   3            if( option == 0x0B){  //when press on star (*) button the lock is locked again
  52   4              unlocked = 1;
  53   4              locked = 0;
  54   4              count = 0;
C51 COMPILER V9.54   MAIN                                                                  05/25/2017 10:59:48 PAGE 2   

  55   4              keys = 0xABAB; }
  56   3            while(finish_change == 1){  //when press on window (#) button you can reset the key_lock
  57   4              unlocked = 0;
  58   4              locked = 1;
  59   4              change = 1;
  60   4              keys = 0xABAB; }
  61   3          }     
  62   2        }
  63   1      }


MODULE INFORMATION:   STATIC OVERLAYABLE
   CODE SIZE        =    214    ----
   CONSTANT SIZE    =   ----    ----
   XDATA SIZE       =   ----    ----
   PDATA SIZE       =   ----    ----
   DATA SIZE        =     13    ----
   IDATA SIZE       =   ----    ----
   BIT SIZE         =   ----    ----
END OF MODULE INFORMATION.


C51 COMPILATION COMPLETE.  0 WARNING(S),  0 ERROR(S)
