C51 COMPILER V9.56.0.0   BONUSONE                                                          05/25/2017 00:53:28 PAGE 1   


C51 COMPILER V9.56.0.0, COMPILATION OF MODULE BONUSONE
OBJECT MODULE PLACED IN .\Objects\bonusone.obj
COMPILER INVOKED BY: C:\Keil_v5\C51\BIN\C51.EXE bonusone.c OPTIMIZE(8,SPEED) BROWSE DEBUG OBJECTEXTEND PRINT(.\Listings\
                    -bonusone.lst) TABS(2) OBJECT(.\Objects\bonusone.obj)

line level    source

   1          #include <at89c51xd2.h>
   2          #include <stdio.h>
   3          
   4          sbit r0 = P1^7;
   5          sbit r1 = P1^6;
   6          sbit r2 = P1^5;
   7          sbit r3 = P1^4;
   8          
   9          sbit c0 = P1^3;
  10          sbit c1 = P1^2;
  11          sbit c2 = P1^1;
  12          sbit c3 = P1^0;
  13          static unsigned char first = 0x00;
  14          static unsigned char second = 0x00;
  15          void debounce()
  16          {
  17   1        int i = 10000;
  18   1        int j = 1000000;
  19   1      
  20   1        for(;i>0;i--)
  21   1          for(; j>0;j--)
  22   1            ;
  23   1      }
  24          void reset()
  25          {
  26   1        first = 0x00;
  27   1      second = 0x00;
  28   1      P2=(first << 4) | second;
  29   1      }
  30          
  31          void decrement()
  32          {
  33   1        if (second == 0x00)
  34   1                  {
  35   2                    if (first == 0x00)
  36   2                      {
  37   3                        first = 0x09;
  38   3                        second = 0x09;
  39   3                        P2=(first << 4) | second;
  40   3                      }
  41   2                    else
  42   2                      {
  43   3                        second = 0x09;
  44   3                        first--;
  45   3                        P2=(first << 4) | second;
  46   3                      }
  47   2                  }
  48   1                 else
  49   1                  {
  50   2                    second--;
  51   2                    P2=(first << 4) | second;
  52   2                    }   
  53   1      }
  54          void increment()
C51 COMPILER V9.56.0.0   BONUSONE                                                          05/25/2017 00:53:28 PAGE 2   

  55          {
  56   1         if (second == 0x09)
  57   1                  {
  58   2                    if (first == 0x09)
  59   2                      {
  60   3                        first = 0x00;
  61   3                        second = 0x00;
  62   3                        P2=(first << 4) | second;
  63   3                      }
  64   2                    else
  65   2                      {
  66   3                        second= 0x00;
  67   3                        first++;
  68   3                        P2=(first << 4) | second;
  69   3                      }
  70   2                  }
  71   1                 else
  72   1                  {
  73   2                    second++;
  74   2                    P2=(first << 4) | second;
  75   2                    }   
  76   1      }
  77          void normalkey(char key);
  78          #define KEYPAD_NO_NEW_DATA '-'
  79          static char Last_valid_Key_G = KEYPAD_NO_NEW_DATA;
  80          char pKey;
  81          
  82          char KeyPad_Scan()
  83          {
  84   1          static char Old_Key;
  85   1          char Key = KEYPAD_NO_NEW_DATA;
  86   1      
  87   1          r0 =0;
  88   1               if(c3 == 0) {
  89   2                 //if A so imcrement
  90   2                 increment();
  91   2                 }
  92   1          else if(c2 == 0) {Key = 0x03;
  93   2                            normalkey(Key);
  94   2                            }
  95   1          else if(c1 == 0) {Key = 0x02;
  96   2                            normalkey(Key);
  97   2                            }
  98   1          else if(c0 == 0) {Key = 0x01;
  99   2                            normalkey(Key);
 100   2                            }
 101   1          r0 = 1;
 102   1        
 103   1      
 104   1          r1 =0;
 105   1               if(c3 == 0) {
 106   2                 //if B so decrement
 107   2                 decrement();
 108   2                  }
 109   1          else if(c2 == 0) {Key =  0x06;
 110   2                            normalkey(Key);               
 111   2                            }
 112   1          else if(c1 == 0) {Key =  0x05;
 113   2                            normalkey(Key); 
 114   2                            }
 115   1          else if(c0 == 0) {Key =  0x04;
 116   2                            normalkey(Key); 
C51 COMPILER V9.56.0.0   BONUSONE                                                          05/25/2017 00:53:28 PAGE 3   

 117   2                            }   
 118   1          r1 = 1;
 119   1        
 120   1      
 121   1        r2 = 0;
 122   1          if(c3 == 0) {Key = 'C'; }
 123   1          if(c2 == 0) { Key = 0x09;
 124   2                        normalkey(Key); 
 125   2                        }
 126   1          if(c1 == 0) { Key = 0x08;
 127   2                        normalkey(Key); 
 128   2                        }
 129   1          if(c0 == 0) { Key = 0x07;
 130   2                        normalkey(Key);   
 131   2                        }   
 132   1          r2 = 1;
 133   1        
 134   1        r3 = 0;
 135   1               if(c3 == 0) {Key = 'D'; }
 136   1          else if(c2 == 0) {Key = '#'; }
 137   1          else if(c1 == 0) {Key = 0x00;
 138   2                           normalkey(Key);
 139   2                            }
 140   1          else if(c0 == 0) {
 141   2                            reset();
 142   2                            }
 143   1          
 144   1          r3 = 1;
 145   1        
 146   1          debounce();
 147   1          
 148   1          if(Key == KEYPAD_NO_NEW_DATA)
 149   1          {
 150   2            Old_Key = KEYPAD_NO_NEW_DATA;
 151   2            Last_valid_Key_G = KEYPAD_NO_NEW_DATA;
 152   2            return 0;     
 153   2          }
 154   1          
 155   1          if(Key == Old_Key)
 156   1          {
 157   2            if(Key != Last_valid_Key_G)
 158   2            {
 159   3              pKey = Key;       
 160   3              Last_valid_Key_G = Key;
 161   3              return 1;
 162   3            }
 163   2          }
 164   1          Old_Key = Key ;     
 165   1          return 0;
 166   1      }
 167          void normalkey(char key)
 168          {
 169   1        first= second;
 170   1        second = key;
 171   1        P2=(first << 4) | second;
 172   1      }
 173          void main() 
 174          {
 175   1      
 176   1        bit result;
 177   1        
 178   1        P1 = 0x0F;
C51 COMPILER V9.56.0.0   BONUSONE                                                          05/25/2017 00:53:28 PAGE 4   

 179   1        P2 = 0x00;
 180   1        r0 = 1;
 181   1        r1 = 1;
 182   1        r2 = 1;
 183   1        r3 = 1;
 184   1      
 185   1        while(1)
 186   1        {
 187   2          result = KeyPad_Scan();       
 188   2        }
 189   1      }


MODULE INFORMATION:   STATIC OVERLAYABLE
   CODE SIZE        =    366    ----
   CONSTANT SIZE    =   ----    ----
   XDATA SIZE       =   ----    ----
   PDATA SIZE       =   ----    ----
   DATA SIZE        =      5       1
   IDATA SIZE       =   ----    ----
   BIT SIZE         =   ----       1
END OF MODULE INFORMATION.


C51 COMPILATION COMPLETE.  0 WARNING(S),  0 ERROR(S)
